[2025-04-27 22:35:35,983] INFO: Starting PCAP Compressibility Analysis
[2025-04-27 22:35:35,984] INFO: Analyzing folder: c:\Users\Chris\Documents\GitHub\SHP\helper\../_pcaps/base | Files found: 10
[2025-04-27 22:39:44,729] INFO: Analyzing folder: c:\Users\Chris\Documents\GitHub\SHP\helper\../_pcaps/SHP | Files found: 10
[2025-04-27 22:39:45,126] INFO: Results saved to results_scores.csv
[2025-04-27 22:39:45,127] WARNING: ROC Curve requires exactly two distinct folders. Skipping ROC generation.
[2025-04-27 22:41:16,302] INFO: Starting PCAP Compressibility Analysis
[2025-04-27 22:41:16,302] INFO: Analyzing folder: c:\Users\Chris\Documents\GitHub\SHP\helper\base | Files found: 10
[2025-04-27 22:45:19,818] INFO: Analyzing folder: c:\Users\Chris\Documents\GitHub\SHP\helper\SHP | Files found: 10
[2025-04-27 22:45:20,231] INFO: Results saved to results_scores.csv
[2025-04-27 22:45:20,232] WARNING: ROC Curve requires exactly two distinct folders. Skipping ROC generation.
[2025-04-27 22:46:39,854] INFO: Starting PCAP Compressibility Analysis
[2025-04-27 22:46:39,855] INFO: Analyzing folder: c:\Users\Chris\Documents\GitHub\SHP\helper\SHP | Files found: 10
[2025-04-27 22:46:40,039] INFO: Analyzing folder: c:\Users\Chris\Documents\GitHub\SHP\helper\base | Files found: 10
[2025-04-27 22:48:55,601] INFO: Results saved to results_scores.csv
[2025-04-27 22:48:55,602] WARNING: ROC Curve requires exactly two distinct folders. Skipping ROC generation.
[2025-04-27 22:50:07,811] INFO: Starting PCAP Compressibility Analysis
[2025-04-27 22:50:07,811] INFO: Analyzing folder: c:\Users\Chris\Documents\GitHub\SHP\helper\SHP | Files found: 10
[2025-04-27 22:54:07,722] INFO: Analyzing folder: c:\Users\Chris\Documents\GitHub\SHP\helper\base | Files found: 10
[2025-04-27 22:57:57,955] INFO: Results saved to results_scores.csv
[2025-04-27 22:57:58,206] INFO: Histogram saved to results_histogram.png
[2025-04-27 22:57:58,442] INFO: Density plot saved to results_density.png
[2025-04-27 22:57:58,570] INFO: Violin plot saved to results_violin.png
[2025-04-27 22:57:58,697] INFO: ROC curve saved to results_roc.png
[2025-04-27 22:57:58,709] INFO: Summary report saved to results_summary.txt
[2025-04-27 22:57:58,709] INFO: PCAP Compressibility Analysis Complete
